Virtual User Script started at: 17.06.2024 13:45:28
Starting action vuser_init.
Web Turbo Replay of LoadRunner 2021.0.0 for Windows 10; build 430 (янв 05 2021 19:27:22)  	[MsgId: MMSG-26983]
Run mode: HTML  	[MsgId: MMSG-26993]
Replay user agent: Crashpad/0.8.0 WinHTTP/10.0.19041.4355 Windows_NT/10.0.19041.3636 (x64)  	[MsgId: MMSG-26988]
Runtime Settings file: "C:\Users\raevs\OneDrive\Документы\VuGen\Scripts\UC_01_add_new_member\\default.cfg"  	[MsgId: MMSG-27141]
Ending action vuser_init.
Running Vuser...
Starting iteration 1.
Maximum number of concurrent connections per server: 2  	[MsgId: MMSG-26989]
Starting action Action.
Action.c(17): web_set_max_html_param_len started  	[MsgId: MMSG-26355]
Action.c(17): web_set_max_html_param_len was successful  	[MsgId: MMSG-26392]
Action.c(19): web_set_sockets_option started  	[MsgId: MMSG-26355]
Action.c(19): web_set_sockets_option was successful  	[MsgId: MMSG-26392]
Action.c(21): web_set_sockets_option started  	[MsgId: MMSG-26355]
Action.c(21): web_set_sockets_option was successful  	[MsgId: MMSG-26392]
Action.c(23): web_add_auto_header("Sec-Fetch-Site") started  	[MsgId: MMSG-26355]
Action.c(23): web_add_auto_header("Sec-Fetch-Site") was successful  	[MsgId: MMSG-26392]
Action.c(26): web_add_auto_header("Sec-Fetch-Mode") started  	[MsgId: MMSG-26355]
Action.c(26): web_add_auto_header("Sec-Fetch-Mode") was successful  	[MsgId: MMSG-26392]
Action.c(29): web_add_auto_header("Sec-Fetch-Dest") started  	[MsgId: MMSG-26355]
Action.c(29): web_add_auto_header("Sec-Fetch-Dest") was successful  	[MsgId: MMSG-26392]
Action.c(32): web_add_header("Sec-Fetch-User") started  	[MsgId: MMSG-26355]
Action.c(32): web_add_header("Sec-Fetch-User") was successful  	[MsgId: MMSG-26392]
Action.c(35): web_add_header("Upgrade-Insecure-Requests") started  	[MsgId: MMSG-26355]
Action.c(35): web_add_header("Upgrade-Insecure-Requests") was successful  	[MsgId: MMSG-26392]
Action.c(38): web_add_auto_header("sec-ch-ua") started  	[MsgId: MMSG-26355]
Action.c(38): web_add_auto_header("sec-ch-ua") was successful  	[MsgId: MMSG-26392]
Action.c(41): web_add_auto_header("sec-ch-ua-mobile") started  	[MsgId: MMSG-26355]
Action.c(41): web_add_auto_header("sec-ch-ua-mobile") was successful  	[MsgId: MMSG-26392]
Action.c(44): web_add_auto_header("sec-ch-ua-platform") started  	[MsgId: MMSG-26355]
Action.c(44): web_add_auto_header("sec-ch-ua-platform") was successful  	[MsgId: MMSG-26392]
Action.c(47): web_url("dev-boomq.pflb.ru") started  	[MsgId: MMSG-26355]
Action.c(47): Found resource "https://dev-boomq.pflb.ru/static/js/main.cddf1824.js" in HTML "https://dev-boomq.pflb.ru/"  	[MsgId: MMSG-26659]
Action.c(47): Found resource "https://dev-boomq.pflb.ru/static/css/main.64a4c65b.css" in HTML "https://dev-boomq.pflb.ru/"  	[MsgId: MMSG-26659]
Action.c(47): Downloading resource "https://dev-boomq.pflb.ru/static/media/loading.b59fa25397e07d75b9ac55ace151e625.svg" (specified by argument number 9)  	[MsgId: MMSG-26577]
Action.c(47): Downloading resource "https://dev-boomq.pflb.ru/static/media/logo.f5ae2890e77693e018920d4ad41c643c.svg" (specified by argument number 12)  	[MsgId: MMSG-26577]
Action.c(47): Downloading resource "https://dev-boomq.pflb.ru/static/media/Montserrat-Bold.180ba33d8de7dcfe80a0.woff" (specified by argument number 15)  	[MsgId: MMSG-26577]
Action.c(47): Downloading resource "https://dev-boomq.pflb.ru/static/media/Montserrat-Medium.d42dad28f6470e5162c2.woff" (specified by argument number 18)  	[MsgId: MMSG-26577]
Action.c(47): Downloading resource "https://dev-boomq.pflb.ru/static/media/Montserrat-SemiBold.197213592de7a2a62e06.woff" (specified by argument number 21)  	[MsgId: MMSG-26577]
Action.c(47): Downloading resource "https://dev-boomq.pflb.ru/static/media/Montserrat-Regular.3db65dc4b858f0fed4fb.woff" (specified by argument number 24)  	[MsgId: MMSG-26577]
Action.c(47): web_url("dev-boomq.pflb.ru") was successful, 4190661 body bytes, 2426 header bytes  	[MsgId: MMSG-26386]
Action.c(63): Notify: Transaction "UC_01_TR_01_login" started.
Action.c(65): web_add_header("Origin") started  	[MsgId: MMSG-26355]
Action.c(65): web_add_header("Origin") was successful  	[MsgId: MMSG-26392]
Action.c(68): web_add_auto_header("Sec-Fetch-Dest") started  	[MsgId: MMSG-26355]
Action.c(68): web_add_auto_header("Sec-Fetch-Dest") was successful  	[MsgId: MMSG-26392]
Action.c(71): web_add_auto_header("Sec-Fetch-Mode") started  	[MsgId: MMSG-26355]
Action.c(71): web_add_auto_header("Sec-Fetch-Mode") was successful  	[MsgId: MMSG-26392]
Action.c(74): web_add_auto_header("Sec-Fetch-Site") started  	[MsgId: MMSG-26355]
Action.c(74): web_add_auto_header("Sec-Fetch-Site") was successful  	[MsgId: MMSG-26392]
Action.c(77): web_add_auto_header("Connection") started  	[MsgId: MMSG-26355]
Action.c(77): web_add_auto_header("Connection") was successful  	[MsgId: MMSG-26392]
Action.c(81): web_reg_save_param_ex started  	[MsgId: MMSG-26355]
Action.c(81): Registering web_reg_save_param_ex was successful  	[MsgId: MMSG-26390]
Action.c(90): web_submit_data("login") started  	[MsgId: MMSG-26355]
Action.c(90): web_submit_data("login") was successful, 0 body bytes, 1911 header bytes  	[MsgId: MMSG-26386]
Action.c(103): web_add_auto_header("Authorization") started  	[MsgId: MMSG-26355]
Action.c(103): Warning -26593: The header being added may cause unpredictable results when applied to all ensuing URLs. It is added anyway  	[MsgId: MWAR-26593]
Action.c(103): web_add_auto_header("Authorization") highest severity level was "warning"  	[MsgId: MMSG-26391]
Action.c(107): web_url("config.json") started  	[MsgId: MMSG-26355]
Action.c(107): web_url("config.json") was successful, 285 body bytes, 267 header bytes  	[MsgId: MMSG-26386]
Action.c(116): web_url("modelSchema") started  	[MsgId: MMSG-26355]
Action.c(116): Downloading resource "https://dev-boomq.pflb.ru/static/media/en.b1acfc6b06bfe6e29bfbfc06d09d8177.svg" (specified by argument number 9)  	[MsgId: MMSG-26577]
Action.c(116): web_url("modelSchema") was successful, 70893 body bytes, 692 header bytes  	[MsgId: MMSG-26386]
Action.c(127): web_url("user") started  	[MsgId: MMSG-26355]
Action.c(127): web_url("user") was successful, 149 body bytes, 492 header bytes  	[MsgId: MMSG-26386]
Action.c(136): web_url("identityProvider") started  	[MsgId: MMSG-26355]
Action.c(136): web_url("identityProvider") was successful, 2 body bytes, 492 header bytes  	[MsgId: MMSG-26386]
Action.c(145): web_url("team") started  	[MsgId: MMSG-26355]
Action.c(145): web_url("team") was successful, 587 body bytes, 492 header bytes  	[MsgId: MMSG-26386]
Action.c(155): web_reg_save_param_ex started  	[MsgId: MMSG-26355]
Action.c(155): Registering web_reg_save_param_ex was successful  	[MsgId: MMSG-26390]
Action.c(164): web_url("teamContext") started  	[MsgId: MMSG-26355]
Action.c(164): web_url("teamContext") was successful, 299 body bytes, 2906 header bytes  	[MsgId: MMSG-26386]
Action.c(173): web_add_auto_header("Authorization") started  	[MsgId: MMSG-26355]
Action.c(173): Warning -26593: The header being added may cause unpredictable results when applied to all ensuing URLs. It is added anyway  	[MsgId: MWAR-26593]
Action.c(173): web_add_auto_header("Authorization") highest severity level was "warning"  	[MsgId: MMSG-26391]
Action.c(177): web_url("testRunner") started  	[MsgId: MMSG-26355]
Action.c(177): web_url("testRunner") was successful, 531 body bytes, 338 header bytes  	[MsgId: MMSG-26386]
Action.c(186): Notify: Transaction "UC_01_TR_01_login" ended with a "Pass" status (Duration: 0,5734 Wasted Time: 0,0327).
Action.c(190): Notify: Transaction "UC_01_TR_02_go_to_group" started.
Action.c(192): web_url("team_2") started  	[MsgId: MMSG-26355]
Action.c(192): web_url("team_2") was successful, 587 body bytes, 492 header bytes  	[MsgId: MMSG-26386]
Action.c(201): web_url("11") started  	[MsgId: MMSG-26355]
Action.c(201): web_url("11") was successful, 273 body bytes, 492 header bytes  	[MsgId: MMSG-26386]
Action.c(210): web_url("teamMember") started  	[MsgId: MMSG-26355]
Action.c(210): web_url("teamMember") was successful, 2075 body bytes, 492 header bytes  	[MsgId: MMSG-26386]
Action.c(219): Notify: Transaction "UC_01_TR_02_go_to_group" ended with a "Pass" status (Duration: 0,1084 Wasted Time: 0,0087).
Action.c(221): Notify: Transaction "UC_01_TR_03_add_new_member" started.
Action.c(223): web_add_header("Origin") started  	[MsgId: MMSG-26355]
Action.c(223): web_add_header("Origin") was successful  	[MsgId: MMSG-26392]
Action.c(228): web_custom_request("teamMember_2") started  	[MsgId: MMSG-26355]
Action.c(228): web_custom_request("teamMember_2") was successful, 466 body bytes, 492 header bytes  	[MsgId: MMSG-26386]
Action.c(240): web_url("teamMember_3") started  	[MsgId: MMSG-26355]
Action.c(240): web_url("teamMember_3") was successful, 2540 body bytes, 492 header bytes  	[MsgId: MMSG-26386]
Action.c(249): Notify: Transaction "UC_01_TR_03_add_new_member" ended with a "Pass" status (Duration: 0,3099 Wasted Time: 0,0066).
Action.c(251): Notify: Transaction "UC_01_TR_04_logout" started.
Action.c(253): Notify: Transaction "UC_01_TR_04_logout" ended with a "Pass" status (Duration: 0,0154).
Ending action Action.
Ending iteration 1.
Ending Vuser...
Starting action vuser_end.
Ending action vuser_end.
Vuser Terminated.
